<?xml version="1.0" encoding="UTF-8"?>
<!-- Generated by org.testng.reporters.JUnitReportReporter -->
<testsuite skipped="0" hostname="LAPTOP-RAAA0SKP" name="Tests.CI_DemoTest" tests="1" failures="0" timestamp="2022-04-29T16:01:04 CEST" time="0.108" errors="0">
  <testcase name="linkExistence" time="0.108" classname="Tests.CI_DemoTest"/>
  <system-out/>
</testsuite> <!-- Tests.CI_DemoTest -->
